<?xml version="1.0" encoding="UTF-8"?>
<!-- Generated by org.testng.reporters.JUnitReportReporter -->
<testsuite hostname="DESKTOP-BENH0HB" failures="0" tests="4" name="com.orangeHRM_Dashboard.VerifyLoginFunctionality" time="11.741" errors="0" timestamp="2025-06-23T09:56:30 IST" skipped="0">
  <testcase classname="com.orangeHRM_Dashboard.VerifyLoginFunctionality" name="TC003_blank_username_password_fields" time="0.400"/>
  <system-out/>
  <testcase classname="com.orangeHRM_Dashboard.VerifyLoginFunctionality" name="TC001_vlaidLoginTest" time="5.162"/>
  <system-out/>
  <testcase classname="com.orangeHRM_Dashboard.VerifyLoginFunctionality" name="TC002_InvalidLogin" time="3.532"/>
  <system-out/>
  <testcase classname="com.orangeHRM_Dashboard.VerifyLoginFunctionality" name="TC004_TestForgotPasswordLink" time="2.647"/>
  <system-out/>
</testsuite> <!-- com.orangeHRM_Dashboard.VerifyLoginFunctionality -->
