<?xml version="1.0" encoding="UTF-8"?>
<!-- Generated by org.testng.reporters.JUnitReportReporter -->
<testsuite hostname="DESKTOP-BENH0HB" failures="0" tests="1" name="com.orangeHRM_Dashboard.VerifyAccessControl" time="3.867" errors="0" timestamp="2025-06-21T12:31:54 IST" skipped="0">
  <testcase classname="com.orangeHRM_Dashboard.VerifyAccessControl" name="TC001_accessControlValidation" time="3.867"/>
  <system-out/>
</testsuite> <!-- com.orangeHRM_Dashboard.VerifyAccessControl -->
