<?xml version="1.0" encoding="UTF-8"?>
<!-- Generated by org.testng.reporters.JUnitReportReporter -->
<testsuite hostname="DESKTOP-BENH0HB" failures="0" tests="1" name="com.orangeHRM_Dashboard.PageTitleVerify" time="7.473" errors="0" timestamp="2025-06-01T14:32:13 IST" skipped="0">
  <testcase classname="com.orangeHRM_Dashboard.PageTitleVerify" name="PageTitleVerifyTest" time="7.473"/>
  <system-out/>
</testsuite> <!-- com.orangeHRM_Dashboard.PageTitleVerify -->
