<?xml version="1.0" encoding="UTF-8"?>
<!-- Generated by org.testng.reporters.JUnitReportReporter -->
<testsuite hostname="DESKTOP-BENH0HB" failures="0" tests="1" name="com.orangeHRM_Dashboard.VerifyEmployeeManagementFromPIM_Module" time="10.731" errors="0" timestamp="2025-06-11T12:18:32 IST" skipped="0">
  <testcase classname="com.orangeHRM_Dashboard.VerifyEmployeeManagementFromPIM_Module" name="TC001_testAddNewEmployee" time="10.731"/>
  <system-out/>
</testsuite> <!-- com.orangeHRM_Dashboard.VerifyEmployeeManagementFromPIM_Module -->
