<?xml version="1.0" encoding="UTF-8"?>
<!-- Generated by org.testng.reporters.JUnitReportReporter -->
<testsuite hostname="DESKTOP-BENH0HB" failures="0" tests="4" name="com.orangeHRM_Dashboard.VerifyUserManagementAdminModule" time="34.669" errors="0" timestamp="2025-06-21T12:31:54 IST" skipped="0">
  <testcase classname="com.orangeHRM_Dashboard.VerifyUserManagementAdminModule" name="TC002_testUsersExist" time="3.686"/>
  <system-out/>
  <testcase classname="com.orangeHRM_Dashboard.VerifyUserManagementAdminModule" name="TC003_testAddNewEmployee" time="7.226"/>
  <system-out/>
  <testcase classname="com.orangeHRM_Dashboard.VerifyUserManagementAdminModule" name="TC001_viewUserList" time="8.623"/>
  <system-out/>
  <testcase classname="com.orangeHRM_Dashboard.VerifyUserManagementAdminModule" name="TC004_addNewUser" time="15.134"/>
  <system-out/>
</testsuite> <!-- com.orangeHRM_Dashboard.VerifyUserManagementAdminModule -->
